<?xml version="1.0" encoding="UTF-8"?>
<testsuite xmlns:xsi="http://www.w3.org/2001/XMLSchema-instance" xsi:noNamespaceSchemaLocation="https://maven.apache.org/surefire/maven-surefire-plugin/xsd/surefire-test-report-3.0.xsd" version="3.0" name="learn.sphere.project.ProjectApplicationTests" time="10.31" tests="1" errors="0" skipped="0" failures="0">
  <properties>
[...]
</properties>
  <testcase name="contextLoads" classname="learn.sphere.project.ProjectApplicationTests" time="0.653">
    <system-out><![CDATA[18:04:47.133 [main] INFO org.springframework.test.context.support.AnnotationConfigContextLoaderUtils -- Could not detect default configuration classes for test class [learn.sphere.project.ProjectApplicationTests]: ProjectApplicationTests does not declare any static, non-private, non-final, nested classes annotated with @Configuration.
18:04:47.334 [main] INFO org.springframework.boot.test.context.SpringBootTestContextBootstrapper -- Found @SpringBootConfiguration learn.sphere.project.ProjectApplication for test class learn.sphere.project.ProjectApplicationTests
18:04:47.613 [main] INFO org.springframework.boot.devtools.restart.RestartApplicationListener -- Restart disabled due to context in which it is running

  .   ____          _            __ _ _
 /\\ / ___'_ __ _ _(_)_ __  __ _ \ \ \ \
( ( )\___ | '_ | '_| | '_ \/ _` | \ \ \ \
 \\/  ___)| |_)| | | | | || (_| |  ) ) ) )
  '  |____| .__|_| |_|_| |_\__, | / / / /
 =========|_|==============|___/=/_/_/_/

 :: Spring Boot ::                (v3.3.6)

2024-12-13 18:04:48,016 [INFO] learn.sphere.project.ProjectApplicationTests [main] Starting ProjectApplicationTests using Java 21.0.2 with PID 13444 (started by phane in C:\Users\phane\Desktop\internship\kodnest\projects\project zip files\project v1.1.3)
2024-12-13 18:04:48,016 [DEBUG] learn.sphere.project.ProjectApplicationTests [main] Running with Spring Boot v3.3.6, Spring v6.1.15
2024-12-13 18:04:48,017 [INFO] learn.sphere.project.ProjectApplicationTests [main] No active profile set, falling back to 1 default profile: "default"
2024-12-13 18:04:49,316 [INFO] org.springframework.data.repository.config.RepositoryConfigurationDelegate [main] Bootstrapping Spring Data JPA repositories in DEFAULT mode.
2024-12-13 18:04:49,437 [INFO] org.springframework.data.repository.config.RepositoryConfigurationDelegate [main] Finished Spring Data repository scanning in 109 ms. Found 5 JPA repository interfaces.
2024-12-13 18:04:50,378 [INFO] org.hibernate.jpa.internal.util.LogHelper [main] HHH000204: Processing PersistenceUnitInfo [name: default]
2024-12-13 18:04:50,507 [INFO] org.hibernate.Version [main] HHH000412: Hibernate ORM core version 6.5.3.Final
2024-12-13 18:04:50,569 [INFO] org.hibernate.cache.internal.RegionFactoryInitiator [main] HHH000026: Second-level cache disabled
2024-12-13 18:04:51,195 [INFO] org.springframework.orm.jpa.persistenceunit.SpringPersistenceUnitInfo [main] No LoadTimeWeaver setup: ignoring JPA class transformer
2024-12-13 18:04:51,258 [INFO] com.zaxxer.hikari.HikariDataSource [main] HikariPool-1 - Starting...
2024-12-13 18:04:51,733 [INFO] com.zaxxer.hikari.pool.HikariPool [main] HikariPool-1 - Added connection com.mysql.cj.jdbc.ConnectionImpl@6cee903a
2024-12-13 18:04:51,748 [INFO] com.zaxxer.hikari.HikariDataSource [main] HikariPool-1 - Start completed.
2024-12-13 18:04:51,835 [WARN] org.hibernate.orm.deprecation [main] HHH90000025: MySQLDialect does not need to be specified explicitly using 'hibernate.dialect' (remove the property setting and it will be selected by default)
2024-12-13 18:04:53,219 [INFO] org.hibernate.engine.transaction.jta.platform.internal.JtaPlatformInitiator [main] HHH000489: No JTA platform available (set 'hibernate.transaction.jta.platform' to enable JTA platform integration)
2024-12-13 18:04:53,270 [INFO] org.springframework.orm.jpa.LocalContainerEntityManagerFactoryBean [main] Initialized JPA EntityManagerFactory for persistence unit 'default'
2024-12-13 18:04:53,951 [INFO] org.springframework.data.jpa.repository.query.QueryEnhancerFactory [main] Hibernate is in classpath; If applicable, HQL parser will be used.
2024-12-13 18:04:54,618 [WARN] org.springframework.boot.autoconfigure.orm.jpa.JpaBaseConfiguration$JpaWebConfiguration [main] spring.jpa.open-in-view is enabled by default. Therefore, database queries may be performed during view rendering. Explicitly configure spring.jpa.open-in-view to disable this warning
2024-12-13 18:04:54,681 [INFO] org.springframework.security.config.annotation.authentication.configuration.InitializeAuthenticationProviderBeanManagerConfigurer$InitializeAuthenticationProviderManagerConfigurer [main] Global AuthenticationManager configured with AuthenticationProvider bean with name authenticationProvider
2024-12-13 18:04:54,683 [WARN] org.springframework.security.config.annotation.authentication.configuration.InitializeUserDetailsBeanManagerConfigurer$InitializeUserDetailsManagerConfigurer [main] Global AuthenticationManager configured with an AuthenticationProvider bean. UserDetailsService beans will not be used for username/password login. Consider removing the AuthenticationProvider bean. Alternatively, consider using the UserDetailsService in a manually instantiated DaoAuthenticationProvider.
2024-12-13 18:04:55,924 [INFO] learn.sphere.project.ProjectApplicationTests [main] Started ProjectApplicationTests in 8.341 seconds (process running for 9.883)
Hibernate: select a1_0.id,a1_0.email,a1_0.name,a1_0.password,a1_0.role from account a1_0 where upper(a1_0.email)=upper(?)
Hibernate: select a1_0.id,a1_0.email,a1_0.name,a1_0.password,a1_0.role from account a1_0 where upper(a1_0.email)=upper(?)
Hibernate: select a1_0.id,a1_0.email,a1_0.name,a1_0.password,a1_0.role from account a1_0 where upper(a1_0.email)=upper(?)
Hibernate: select c1_0.course_id,c1_0.course_name,c1_0.course_price from courses c1_0 where c1_0.course_id=?
Hibernate: select c1_0.course_id,c1_0.course_name,c1_0.course_price from courses c1_0 where c1_0.course_id=?
Hibernate: select c1_0.course_id,c1_0.course_name,c1_0.course_price from courses c1_0 where c1_0.course_id=?
Hibernate: select c1_0.course_id,c1_0.course_name,c1_0.course_price from courses c1_0 where c1_0.course_id=?
Hibernate: select c1_0.course_id,c1_0.course_name,c1_0.course_price from courses c1_0 where c1_0.course_id=?
Hibernate: select c1_0.course_id,c1_0.course_name,c1_0.course_price from courses c1_0 where c1_0.course_id=?
Hibernate: select c1_0.course_id,c1_0.course_name,c1_0.course_price from courses c1_0 where c1_0.course_id=?
Hibernate: select next_val as id_val from course_lessons_seq for update
Hibernate: update course_lessons_seq set next_val= ? where next_val=?
Hibernate: insert into course_lessons (course_id,lesson_id,id) values (?,?,?)
Hibernate: select l1_0.lesson_id,l1_0.comments,l1_0.course_id,l1_0.lesson_link,l1_0.lesson_name,l1_0.lesson_topics from lessons l1_0 where l1_0.lesson_id=?
Hibernate: insert into course_lessons (course_id,lesson_id,id) values (?,?,?)
Hibernate: select l1_0.lesson_id,l1_0.comments,l1_0.course_id,l1_0.lesson_link,l1_0.lesson_name,l1_0.lesson_topics from lessons l1_0 where l1_0.lesson_id=?
Hibernate: insert into course_lessons (course_id,lesson_id,id) values (?,?,?)
Hibernate: select l1_0.lesson_id,l1_0.comments,l1_0.course_id,l1_0.lesson_link,l1_0.lesson_name,l1_0.lesson_topics from lessons l1_0 where l1_0.lesson_id=?
Hibernate: insert into course_lessons (course_id,lesson_id,id) values (?,?,?)
Hibernate: select l1_0.lesson_id,l1_0.comments,l1_0.course_id,l1_0.lesson_link,l1_0.lesson_name,l1_0.lesson_topics from lessons l1_0 where l1_0.lesson_id=?
Hibernate: insert into course_lessons (course_id,lesson_id,id) values (?,?,?)
Hibernate: select l1_0.lesson_id,l1_0.comments,l1_0.course_id,l1_0.lesson_link,l1_0.lesson_name,l1_0.lesson_topics from lessons l1_0 where l1_0.lesson_id=?
Hibernate: insert into course_lessons (course_id,lesson_id,id) values (?,?,?)
Hibernate: select l1_0.lesson_id,l1_0.comments,l1_0.course_id,l1_0.lesson_link,l1_0.lesson_name,l1_0.lesson_topics from lessons l1_0 where l1_0.lesson_id=?
Hibernate: insert into course_lessons (course_id,lesson_id,id) values (?,?,?)
Hibernate: select l1_0.lesson_id,l1_0.comments,l1_0.course_id,l1_0.lesson_link,l1_0.lesson_name,l1_0.lesson_topics from lessons l1_0 where l1_0.lesson_id=?
Hibernate: insert into course_lessons (course_id,lesson_id,id) values (?,?,?)
Hibernate: select l1_0.lesson_id,l1_0.comments,l1_0.course_id,l1_0.lesson_link,l1_0.lesson_name,l1_0.lesson_topics from lessons l1_0 where l1_0.lesson_id=?
Hibernate: insert into course_lessons (course_id,lesson_id,id) values (?,?,?)
Hibernate: select l1_0.lesson_id,l1_0.comments,l1_0.course_id,l1_0.lesson_link,l1_0.lesson_name,l1_0.lesson_topics from lessons l1_0 where l1_0.lesson_id=?
Hibernate: insert into course_lessons (course_id,lesson_id,id) values (?,?,?)
Hibernate: select l1_0.lesson_id,l1_0.comments,l1_0.course_id,l1_0.lesson_link,l1_0.lesson_name,l1_0.lesson_topics from lessons l1_0 where l1_0.lesson_id=?
Hibernate: insert into course_lessons (course_id,lesson_id,id) values (?,?,?)
Hibernate: select l1_0.lesson_id,l1_0.comments,l1_0.course_id,l1_0.lesson_link,l1_0.lesson_name,l1_0.lesson_topics from lessons l1_0 where l1_0.lesson_id=?
Hibernate: insert into course_lessons (course_id,lesson_id,id) values (?,?,?)
Hibernate: select l1_0.lesson_id,l1_0.comments,l1_0.course_id,l1_0.lesson_link,l1_0.lesson_name,l1_0.lesson_topics from lessons l1_0 where l1_0.lesson_id=?
Hibernate: insert into course_lessons (course_id,lesson_id,id) values (?,?,?)
Hibernate: select l1_0.lesson_id,l1_0.comments,l1_0.course_id,l1_0.lesson_link,l1_0.lesson_name,l1_0.lesson_topics from lessons l1_0 where l1_0.lesson_id=?
Hibernate: insert into course_lessons (course_id,lesson_id,id) values (?,?,?)
Hibernate: select l1_0.lesson_id,l1_0.comments,l1_0.course_id,l1_0.lesson_link,l1_0.lesson_name,l1_0.lesson_topics from lessons l1_0 where l1_0.lesson_id=?
Hibernate: insert into course_lessons (course_id,lesson_id,id) values (?,?,?)
Hibernate: select l1_0.lesson_id,l1_0.comments,l1_0.course_id,l1_0.lesson_link,l1_0.lesson_name,l1_0.lesson_topics from lessons l1_0 where l1_0.lesson_id=?
Hibernate: insert into course_lessons (course_id,lesson_id,id) values (?,?,?)
Hibernate: select l1_0.lesson_id,l1_0.comments,l1_0.course_id,l1_0.lesson_link,l1_0.lesson_name,l1_0.lesson_topics from lessons l1_0 where l1_0.lesson_id=?
]]></system-out>
    <system-err><![CDATA[WARNING: A Java agent has been loaded dynamically (C:\Users\phane\.m2\repository\net\bytebuddy\byte-buddy-agent\1.14.19\byte-buddy-agent-1.14.19.jar)
WARNING: If a serviceability tool is in use, please run with -XX:+EnableDynamicAgentLoading to hide this warning
WARNING: If a serviceability tool is not in use, please run with -Djdk.instrument.traceUsage for more information
WARNING: Dynamic loading of agents will be disallowed by default in a future release
]]></system-err>
  </testcase>
</testsuite>